2025-01-08 11:15:20,545 - INFO - Cleared log file: zendesk_weekend_check.log.
2025-01-08 11:15:20,545 - INFO - Log rotation completed.
2025-01-08 11:45:50,594 - INFO - Performing action: set_true
2025-01-08 11:45:52,573 - INFO - Zendesk API request to /views/40051527319577/tickets.json succeeded.
2025-01-08 11:45:52,579 - INFO - Retrieved 20 tickets from current page.
2025-01-08 11:45:52,580 - INFO - Total tickets retrieved: 20
2025-01-08 11:45:54,147 - INFO - Zendesk API request to /tickets/371256.json succeeded.
2025-01-08 11:45:54,149 - INFO - Successfully updated Ticket ID: 371256 to True
2025-01-08 11:45:55,730 - INFO - Zendesk API request to /tickets/370942.json succeeded.
2025-01-08 11:45:55,734 - INFO - Successfully updated Ticket ID: 370942 to True
2025-01-08 11:45:57,742 - INFO - Zendesk API request to /tickets/370685.json succeeded.
2025-01-08 11:45:57,747 - INFO - Successfully updated Ticket ID: 370685 to True
2025-01-08 11:45:59,685 - INFO - Zendesk API request to /tickets/370267.json succeeded.
2025-01-08 11:45:59,691 - INFO - Successfully updated Ticket ID: 370267 to True
2025-01-08 11:46:02,392 - INFO - Zendesk API request to /tickets/370216.json succeeded.
2025-01-08 11:46:02,395 - INFO - Successfully updated Ticket ID: 370216 to True
2025-01-08 11:46:07,416 - INFO - Zendesk API request to /tickets/369843.json succeeded.
2025-01-08 11:46:07,420 - INFO - Successfully updated Ticket ID: 369843 to True
2025-01-08 11:46:09,182 - INFO - Zendesk API request to /tickets/369605.json succeeded.
2025-01-08 11:46:09,187 - INFO - Successfully updated Ticket ID: 369605 to True
2025-01-08 11:46:11,214 - INFO - Zendesk API request to /tickets/369601.json succeeded.
2025-01-08 11:46:11,221 - INFO - Successfully updated Ticket ID: 369601 to True
2025-01-08 11:46:17,544 - INFO - Zendesk API request to /tickets/369021.json succeeded.
2025-01-08 11:46:17,551 - INFO - Successfully updated Ticket ID: 369021 to True
2025-01-08 11:46:19,833 - INFO - Zendesk API request to /tickets/368795.json succeeded.
2025-01-08 11:46:19,840 - INFO - Successfully updated Ticket ID: 368795 to True
2025-01-08 11:46:21,377 - INFO - Zendesk API request to /tickets/368790.json succeeded.
2025-01-08 11:46:21,386 - INFO - Successfully updated Ticket ID: 368790 to True
2025-01-08 11:46:24,587 - INFO - Zendesk API request to /tickets/368785.json succeeded.
2025-01-08 11:46:24,591 - INFO - Successfully updated Ticket ID: 368785 to True
2025-01-08 11:46:26,457 - INFO - Zendesk API request to /tickets/368751.json succeeded.
2025-01-08 11:46:26,463 - INFO - Successfully updated Ticket ID: 368751 to True
2025-01-08 11:46:28,124 - INFO - Zendesk API request to /tickets/368556.json succeeded.
2025-01-08 11:46:28,130 - INFO - Successfully updated Ticket ID: 368556 to True
2025-01-08 11:47:52,641 - INFO - Zendesk API request to /tickets/368505.json succeeded.
2025-01-08 11:47:52,645 - INFO - Successfully updated Ticket ID: 368505 to True
2025-01-08 11:47:54,774 - INFO - Zendesk API request to /tickets/366304.json succeeded.
2025-01-08 11:47:54,777 - INFO - Successfully updated Ticket ID: 366304 to True
2025-01-08 11:47:57,640 - INFO - Zendesk API request to /tickets/366301.json succeeded.
2025-01-08 11:47:57,654 - INFO - Successfully updated Ticket ID: 366301 to True
2025-01-08 11:47:59,702 - INFO - Zendesk API request to /tickets/366296.json succeeded.
2025-01-08 11:47:59,706 - INFO - Successfully updated Ticket ID: 366296 to True
2025-01-08 11:48:01,569 - INFO - Zendesk API request to /tickets/364935.json succeeded.
2025-01-08 11:48:01,573 - INFO - Successfully updated Ticket ID: 364935 to True
2025-01-08 11:48:03,034 - INFO - Zendesk API request to /tickets/362687.json succeeded.
2025-01-08 11:48:03,040 - INFO - Successfully updated Ticket ID: 362687 to True
2025-01-08 11:48:03,047 - INFO - Processed and stored 20 tickets.
2025-01-08 11:51:03,082 - INFO - Starting log rotation...
2025-01-08 11:51:03,094 - INFO - Archived 20 tickets to archives/processed_tickets_2025-01.csv
2025-01-08 11:51:03,096 - INFO - Cleared processed_tickets table.
